<?xml version="1.0" encoding="UTF-8"?>
<testng-results ignored="0" total="1" passed="1" failed="0" skipped="0">
  <reporter-output>
  </reporter-output>
  <suite started-at="2025-09-30T08:36:45 WIB" name="Main Test" finished-at="2025-09-30T08:38:08 WIB" duration-ms="82358">
    <groups>
      <group name="cucumber">
        <method signature="AbstractTestNGCucumberTests.runScenario(io.cucumber.testng.PickleWrapper,io.cucumber.testng.FeatureWrapper)[pri:0, instance:com.orange.hrm.runners.Runner@4218d6a3]" name="runScenario" class="io.cucumber.testng.AbstractTestNGCucumberTests"/>
      </group> <!-- cucumber -->
    </groups>
    <test started-at="2025-09-30T08:36:45 WIB" name="Test Math" finished-at="2025-09-30T08:38:08 WIB" duration-ms="82358">
      <class name="com.orange.hrm.runners.Runner">
        <test-method is-config="true" signature="setUpClass(org.testng.ITestContext)[pri:0, instance:com.orange.hrm.runners.Runner@4218d6a3]" started-at="2025-09-30T08:36:46 WIB" name="setUpClass" finished-at="2025-09-30T08:36:46 WIB" duration-ms="594" status="PASS">
          <params>
            <param index="0">
              <value>
                <![CDATA[org.testng.TestRunner@6870c3c2]]>
              </value>
            </param>
          </params>
          <reporter-output>
          </reporter-output>
        </test-method> <!-- setUpClass -->
        <test-method signature="runScenario(io.cucumber.testng.PickleWrapper,io.cucumber.testng.FeatureWrapper)[pri:0, instance:com.orange.hrm.runners.Runner@4218d6a3]" started-at="2025-09-30T08:36:46 WIB" name="runScenario" description="Runs Cucumber Scenarios" data-provider="scenarios" finished-at="2025-09-30T08:38:07 WIB" duration-ms="81056" status="PASS">
          <params>
            <param index="0">
              <value>
                <![CDATA["Menambah data employee"]]>
              </value>
            </param>
            <param index="1">
              <value>
                <![CDATA["Add employee"]]>
              </value>
            </param>
          </params>
          <reporter-output>
          </reporter-output>
        </test-method> <!-- runScenario -->
        <test-method is-config="true" signature="tearDownClass()[pri:0, instance:com.orange.hrm.runners.Runner@4218d6a3]" started-at="2025-09-30T08:38:07 WIB" name="tearDownClass" finished-at="2025-09-30T08:38:08 WIB" duration-ms="653" status="PASS">
          <reporter-output>
          </reporter-output>
        </test-method> <!-- tearDownClass -->
      </class> <!-- com.orange.hrm.runners.Runner -->
    </test> <!-- Test Math -->
  </suite> <!-- Main Test -->
</testng-results>
