<?xml version="1.0" encoding="UTF-8"?>
<testng-results ignored="0" total="2" passed="2" failed="0" skipped="0">
  <reporter-output>
  </reporter-output>
  <suite started-at="2025-09-30T09:53:56 WIB" name="Main Test" finished-at="2025-09-30T09:55:17 WIB" duration-ms="80428">
    <groups>
      <group name="cucumber">
        <method signature="AbstractTestNGCucumberTests.runScenario(io.cucumber.testng.PickleWrapper,io.cucumber.testng.FeatureWrapper)[pri:0, instance:com.orange.hrm.runners.Runner@4218d6a3]" name="runScenario" class="io.cucumber.testng.AbstractTestNGCucumberTests"/>
      </group> <!-- cucumber -->
    </groups>
    <test started-at="2025-09-30T09:53:56 WIB" name="Test Math" finished-at="2025-09-30T09:55:17 WIB" duration-ms="80428">
      <class name="com.orange.hrm.runners.Runner">
        <test-method is-config="true" signature="setUpClass(org.testng.ITestContext)[pri:0, instance:com.orange.hrm.runners.Runner@4218d6a3]" started-at="2025-09-30T09:53:56 WIB" name="setUpClass" finished-at="2025-09-30T09:53:57 WIB" duration-ms="890" status="PASS">
          <params>
            <param index="0">
              <value>
                <![CDATA[org.testng.TestRunner@46702c26]]>
              </value>
            </param>
          </params>
          <reporter-output>
          </reporter-output>
        </test-method> <!-- setUpClass -->
        <test-method signature="runScenario(io.cucumber.testng.PickleWrapper,io.cucumber.testng.FeatureWrapper)[pri:0, instance:com.orange.hrm.runners.Runner@4218d6a3]" started-at="2025-09-30T09:53:57 WIB" name="runScenario" description="Runs Cucumber Scenarios" data-provider="scenarios" finished-at="2025-09-30T09:54:29 WIB" duration-ms="31567" status="PASS">
          <params>
            <param index="0">
              <value>
                <![CDATA["Menambah data employee"]]>
              </value>
            </param>
            <param index="1">
              <value>
                <![CDATA["Add employee"]]>
              </value>
            </param>
          </params>
          <reporter-output>
          </reporter-output>
        </test-method> <!-- runScenario -->
        <test-method signature="runScenario(io.cucumber.testng.PickleWrapper,io.cucumber.testng.FeatureWrapper)[pri:0, instance:com.orange.hrm.runners.Runner@4218d6a3]" started-at="2025-09-30T09:54:29 WIB" name="runScenario" description="Runs Cucumber Scenarios" data-provider="scenarios" finished-at="2025-09-30T09:55:16 WIB" duration-ms="47109" status="PASS">
          <params>
            <param index="0">
              <value>
                <![CDATA["Edit Employe"]]>
              </value>
            </param>
            <param index="1">
              <value>
                <![CDATA["Edit data Employe"]]>
              </value>
            </param>
          </params>
          <reporter-output>
          </reporter-output>
        </test-method> <!-- runScenario -->
        <test-method is-config="true" signature="tearDownClass()[pri:0, instance:com.orange.hrm.runners.Runner@4218d6a3]" started-at="2025-09-30T09:55:16 WIB" name="tearDownClass" finished-at="2025-09-30T09:55:17 WIB" duration-ms="757" status="PASS">
          <reporter-output>
          </reporter-output>
        </test-method> <!-- tearDownClass -->
      </class> <!-- com.orange.hrm.runners.Runner -->
    </test> <!-- Test Math -->
  </suite> <!-- Main Test -->
</testng-results>
